<?xml version="1.0" encoding="UTF-8"?>
<!-- Generated by org.testng.reporters.JUnitReportReporter -->
<testsuite hostname="DESKTOP-8IEA4JK" name="cn.juhe.webautomation.testcase.PersonalCenterPageTestCase" tests="1" failures="0" timestamp="23 Dec 2016 06:07:48 GMT" time="18.319" errors="0">
  <testcase name="testModityPwd" time="18.319" classname="cn.juhe.webautomation.testcase.PersonalCenterPageTestCase"/>
</testsuite> <!-- cn.juhe.webautomation.testcase.PersonalCenterPageTestCase -->
